<?xml version="1.0" encoding="UTF-8"?>
<testng-results skipped="0" failed="0" ignored="0" total="2" passed="2">
  <reporter-output>
  </reporter-output>
  <suite name="Default suite" duration-ms="234" started-at="2022-12-23T22:03:25 IST" finished-at="2022-12-23T22:03:26 IST">
    <groups>
    </groups>
    <test name="Default test" duration-ms="234" started-at="2022-12-23T22:03:25 IST" finished-at="2022-12-23T22:03:26 IST">
      <class name="tests.TestCase2">
        <test-method status="PASS" signature="t2()[pri:0, instance:tests.TestCase2@3b084709]" name="t2" duration-ms="35" started-at="2022-12-23T22:03:26 IST" finished-at="2022-12-23T22:03:26 IST">
          <reporter-output>
          </reporter-output>
        </test-method> <!-- t2 -->
        <test-method status="PASS" signature="t3()[pri:1, instance:tests.TestCase2@3b084709]" name="t3" duration-ms="3" started-at="2022-12-23T22:03:26 IST" finished-at="2022-12-23T22:03:26 IST">
          <reporter-output>
          </reporter-output>
        </test-method> <!-- t3 -->
      </class> <!-- tests.TestCase2 -->
    </test> <!-- Default test -->
  </suite> <!-- Default suite -->
</testng-results>
